<?xml version="1.0" encoding="UTF-8"?>
<testsuite name="com.kodilla.stream.world.WorldTestSuite" tests="1" skipped="0" failures="0" errors="0"
           timestamp="2019-05-21T08:03:43" hostname="LAPTOP-QTHORBTU" time="0.012">
    <properties/>
    <testcase name="testGetPeopleQuantity" classname="com.kodilla.stream.world.WorldTestSuite" time="0.012"/>
    <system-out><![CDATA[This is the beginning of tests.
Preparing to execute test #1
All tests are finished.
]]></system-out>
    <system-err><![CDATA[]]></system-err>
</testsuite>
