<?xml version="1.0" encoding="UTF-8"?>
<testsuite name="com.kodilla.stream.array.ArrayOperationsTestSuite" tests="1" skipped="0" failures="0" errors="0"
           timestamp="2019-05-21T08:03:43" hostname="LAPTOP-QTHORBTU" time="0.017">
    <properties/>
    <testcase name="testGetAverage" classname="com.kodilla.stream.array.ArrayOperationsTestSuite" time="0.017"/>
    <system-out><![CDATA[1
2
3
4
56
7
89
54
6
456
213
546
213
54
5
4
84
87
7
845
45
1
5
121.17391304347827
]]></system-out>
    <system-err><![CDATA[]]></system-err>
</testsuite>
