<?xml version="1.0" encoding="UTF-8"?>
<testsuite name="com.kodilla.patterns.strategy.social.UserTestSuite" tests="2" skipped="0" failures="0" errors="0" timestamp="2019-07-01T19:38:56" hostname="LAPTOP-QTHORBTU" time="0.003">
  <properties/>
  <testcase name="testDefaultSharingStrategies" classname="com.kodilla.patterns.strategy.social.UserTestSuite" time="0.002"/>
  <testcase name="testIndividualInvestingStrategy" classname="com.kodilla.patterns.strategy.social.UserTestSuite" time="0.0"/>
  <system-out><![CDATA[Adam, default social medium: [FacebookPublisher]
John, default social medium: [TwitterPublisher]
Jan, default social medium: [SnapchatPublisher]
Adam, default social medium: [FacebookPublisher]
Adam, new social medium: [TwitterPublisher]
]]></system-out>
  <system-err><![CDATA[]]></system-err>
</testsuite>
