<?xml version="1.0" encoding="UTF-8"?>
<testsuite name="com.kodilla.patterns.singleton.LoggerTestSuite" tests="1" skipped="0" failures="0" errors="0" timestamp="2019-07-01T19:38:56" hostname="LAPTOP-QTHORBTU" time="0.0">
  <properties/>
  <testcase name="testGetLastLog" classname="com.kodilla.patterns.singleton.LoggerTestSuite" time="0.0"/>
  <system-out><![CDATA[Log: [log1]
Log: [log2]
lastLog = log2
]]></system-out>
  <system-err><![CDATA[]]></system-err>
</testsuite>
