<?xml version="1.0" encoding="UTF-8"?>
<testsuite name="com.kodilla.patterns.prototype.Library.LibraryTestSuite" tests="1" skipped="0" failures="0" errors="0" timestamp="2019-07-01T19:38:56" hostname="LAPTOP-QTHORBTU" time="0.016">
  <properties/>
  <testcase name="testGetBooks" classname="com.kodilla.patterns.prototype.Library.LibraryTestSuite" time="0.016"/>
  <system-out><![CDATA[    Library [Library One]
Book{title = 'Title 7', author = 'Author 7', publicationDate = 2000-07-01}
Book{title = 'Title 2', author = 'Author 2', publicationDate = 2000-02-01}
Book{title = 'Title 1', author = 'Author 1', publicationDate = 2000-01-01}
Book{title = 'Title 4', author = 'Author 4', publicationDate = 2000-04-01}
Book{title = 'Title 6', author = 'Author 6', publicationDate = 2000-06-01}
Book{title = 'Title 9', author = 'Author 9', publicationDate = 2000-09-01}
Book{title = 'Title 8', author = 'Author 8', publicationDate = 2000-08-01}
Book{title = 'Title 3', author = 'Author 3', publicationDate = 2000-03-01}
Book{title = 'Title 5', author = 'Author 5', publicationDate = 2000-05-01}
Book{title = 'Title 10', author = 'Author 10', publicationDate = 2000-10-01}
    Library [Library Two (shallow copy)]
Book{title = 'Title 7', author = 'Author 7', publicationDate = 2000-07-01}
Book{title = 'Title 2', author = 'Author 2', publicationDate = 2000-02-01}
Book{title = 'Title 1', author = 'Author 1', publicationDate = 2000-01-01}
Book{title = 'Title 4', author = 'Author 4', publicationDate = 2000-04-01}
Book{title = 'Title 6', author = 'Author 6', publicationDate = 2000-06-01}
Book{title = 'Title 9', author = 'Author 9', publicationDate = 2000-09-01}
Book{title = 'Title 8', author = 'Author 8', publicationDate = 2000-08-01}
Book{title = 'Title 3', author = 'Author 3', publicationDate = 2000-03-01}
Book{title = 'Title 5', author = 'Author 5', publicationDate = 2000-05-01}
Book{title = 'Title 10', author = 'Author 10', publicationDate = 2000-10-01}
    Library [Project Three (deep copy)]
Book{title = 'Title 9', author = 'Author 9', publicationDate = 2000-09-01}
Book{title = 'Title 2', author = 'Author 2', publicationDate = 2000-02-01}
Book{title = 'Title 10', author = 'Author 10', publicationDate = 2000-10-01}
Book{title = 'Title 1', author = 'Author 1', publicationDate = 2000-01-01}
Book{title = 'Title 5', author = 'Author 5', publicationDate = 2000-05-01}
Book{title = 'Title 3', author = 'Author 3', publicationDate = 2000-03-01}
Book{title = 'Title 6', author = 'Author 6', publicationDate = 2000-06-01}
Book{title = 'Title 8', author = 'Author 8', publicationDate = 2000-08-01}
Book{title = 'Title 7', author = 'Author 7', publicationDate = 2000-07-01}
Book{title = 'Title 4', author = 'Author 4', publicationDate = 2000-04-01}
]]></system-out>
  <system-err><![CDATA[]]></system-err>
</testsuite>
