<?xml version="1.0" encoding="UTF-8"?>
<testsuite name="com.kodilla.spring70.reader.ReaderTestSuite" tests="2" skipped="0" failures="0" errors="0" timestamp="2019-07-01T19:39:05" hostname="LAPTOP-QTHORBTU" time="0.013">
  <properties/>
  <testcase name="testRead" classname="com.kodilla.spring70.reader.ReaderTestSuite" time="0.008"/>
  <testcase name="testConditional" classname="com.kodilla.spring70.reader.ReaderTestSuite" time="0.005"/>
  <system-out><![CDATA[Reading: The book number one
Bean book2 was found in the container: true
]]></system-out>
  <system-err><![CDATA[]]></system-err>
</testsuite>
