<?xml version="1.0" encoding="UTF-8"?>
<testsuite name="com.kodilla.spring70.forum.ForumUserTestSuite" tests="1" skipped="0" failures="0" errors="0" timestamp="2019-07-01T19:39:05" hostname="LAPTOP-QTHORBTU" time="0.24">
  <properties/>
  <testcase name="testGetUsername" classname="com.kodilla.spring70.forum.ForumUserTestSuite" time="0.24"/>
  <system-out><![CDATA[]]></system-out>
  <system-err><![CDATA[]]></system-err>
</testsuite>
