<?xml version="1.0" encoding="UTF-8"?>
<testsuite name="com.kodilla.spring70.SpringRunnerTestSuite" tests="4" skipped="0" failures="0" errors="0" timestamp="2019-07-01T19:39:05" hostname="LAPTOP-QTHORBTU" time="0.312">
  <properties/>
  <testcase name="testCircleLoadedIntoContainer" classname="com.kodilla.spring70.SpringRunnerTestSuite" time="0.082"/>
  <testcase name="testShapeLoadedIntoContainer" classname="com.kodilla.spring70.SpringRunnerTestSuite" time="0.079"/>
  <testcase name="testSquareLoadedIntoContainer" classname="com.kodilla.spring70.SpringRunnerTestSuite" time="0.065"/>
  <testcase name="testTriangleLoadedIntoContainer" classname="com.kodilla.spring70.SpringRunnerTestSuite" time="0.084"/>
  <system-out><![CDATA[2019-07-01 21:39:05.640  INFO 33716 --- [    Test worker] .b.t.c.SpringBootTestContextBootstrapper : Neither @ContextConfiguration nor @ContextHierarchy found for test class [com.kodilla.spring70.SpringRunnerTestSuite], using SpringBootContextLoader
2019-07-01 21:39:05.640  INFO 33716 --- [    Test worker] o.s.t.c.support.AbstractContextLoader    : Could not detect default resource locations for test class [com.kodilla.spring70.SpringRunnerTestSuite]: no resource found for suffixes {-context.xml, Context.groovy}.
2019-07-01 21:39:05.643  INFO 33716 --- [    Test worker] t.c.s.AnnotationConfigContextLoaderUtils : Could not detect default configuration classes for test class [com.kodilla.spring70.SpringRunnerTestSuite]: SpringRunnerTestSuite does not declare any static, non-private, non-final, nested classes annotated with @Configuration.
2019-07-01 21:39:05.646  INFO 33716 --- [    Test worker] .b.t.c.SpringBootTestContextBootstrapper : Found @SpringBootConfiguration com.kodilla.spring70.SpringRunner for test class com.kodilla.spring70.SpringRunnerTestSuite
2019-07-01 21:39:05.650  INFO 33716 --- [    Test worker] .b.t.c.SpringBootTestContextBootstrapper : Loaded default TestExecutionListener class names from location [META-INF/spring.factories]: [org.springframework.boot.test.autoconfigure.restdocs.RestDocsTestExecutionListener, org.springframework.boot.test.autoconfigure.web.client.MockRestServiceServerResetTestExecutionListener, org.springframework.boot.test.autoconfigure.web.servlet.MockMvcPrintOnlyOnFailureTestExecutionListener, org.springframework.boot.test.autoconfigure.web.servlet.WebDriverTestExecutionListener, org.springframework.boot.test.mock.mockito.MockitoTestExecutionListener, org.springframework.boot.test.mock.mockito.ResetMocksTestExecutionListener, org.springframework.test.context.web.ServletTestExecutionListener, org.springframework.test.context.support.DirtiesContextBeforeModesTestExecutionListener, org.springframework.test.context.support.DependencyInjectionTestExecutionListener, org.springframework.test.context.support.DirtiesContextTestExecutionListener, org.springframework.test.context.transaction.TransactionalTestExecutionListener, org.springframework.test.context.jdbc.SqlScriptsTestExecutionListener]
2019-07-01 21:39:05.652  INFO 33716 --- [    Test worker] .b.t.c.SpringBootTestContextBootstrapper : Using TestExecutionListeners: [org.springframework.test.context.support.DirtiesContextBeforeModesTestExecutionListener@25a538c6, org.springframework.boot.test.mock.mockito.MockitoTestExecutionListener@37567b54, org.springframework.boot.test.autoconfigure.SpringBootDependencyInjectionTestExecutionListener@155c937c, org.springframework.test.context.support.DirtiesContextTestExecutionListener@5c4ef3d3, org.springframework.boot.test.autoconfigure.restdocs.RestDocsTestExecutionListener@50a18394, org.springframework.boot.test.autoconfigure.web.client.MockRestServiceServerResetTestExecutionListener@54a9de0f, org.springframework.boot.test.autoconfigure.web.servlet.MockMvcPrintOnlyOnFailureTestExecutionListener@251f7095, org.springframework.boot.test.autoconfigure.web.servlet.WebDriverTestExecutionListener@e64df8e, org.springframework.boot.test.mock.mockito.ResetMocksTestExecutionListener@528540f5]
Chosen shape says: This is a triangle.
]]></system-out>
  <system-err><![CDATA[]]></system-err>
</testsuite>
