<?xml version="1.0" encoding="UTF-8"?>
<testsuite name="com.kodilla.spring.intro.shape.DrawerTestSuite" tests="2" skipped="0" failures="0" errors="0"
           timestamp="2019-05-21T08:03:42" hostname="LAPTOP-QTHORBTU" time="0.013">
    <properties/>
    <testcase name="testDoDrawingWithTriangle" classname="com.kodilla.spring.intro.shape.DrawerTestSuite" time="0.009"/>
    <testcase name="testDoDrawingWithCircle" classname="com.kodilla.spring.intro.shape.DrawerTestSuite" time="0.004"/>
    <system-out><![CDATA[This is a triangle
This is a circle
]]></system-out>
    <system-err><![CDATA[]]></system-err>
</testsuite>
