<?xml version="1.0" encoding="UTF-8"?>
<testsuite name="com.kodilla.jdbc.DbManagerTestSuite" tests="3" skipped="0" failures="0" errors="0" timestamp="2019-07-01T19:38:52" hostname="LAPTOP-QTHORBTU" time="0.945">
  <properties/>
  <testcase name="testSelectUsers" classname="com.kodilla.jdbc.DbManagerTestSuite" time="0.851"/>
  <testcase name="testConnect" classname="com.kodilla.jdbc.DbManagerTestSuite" time="0.001"/>
  <testcase name="testSelectUsersAndPosts" classname="com.kodilla.jdbc.DbManagerTestSuite" time="0.092"/>
  <system-out><![CDATA[1, John, Smith
2, John, Snow
3, Zachary, Lee
4, Stephanie, Kovalsky
5, Thomas, Landgren
6, John, Thomson

1, John, Smith
]]></system-out>
  <system-err><![CDATA[]]></system-err>
</testsuite>
